Case #1:
-56.213
-15.786
-37.902
-19.823
28.634
2.477
7.974
-16.813
-3.289
-4.948
12.414
-4.165
-14.972
-3.465
3.917
33.477
-13.422
-13.554
-30.762
18.308
18.604
-34.077
0.917
-2.969
-28.752
-2.180
2.552
-17.948
-13.434
66.613
-18.436
5.250
-61.407
30.696
-81.295
4.649
-20.941
-23.721
16.682
31.002
-22.938
65.359
2.511
20.011
-5.783
20.590
32.157
34.487
27.962
5.526
-85.772
-6.526
132.720
0.111
-6.935
-75.084
-40.664
-26.877
96.124
-5.591
4.944
-9.033
11.038
5.013
29.487
21.554
-4.093
17.729
-47.439
-16.813
-20.463
13.580
2.291
2.542
-62.125
-10.741
39.404
-25.162
16.105
25.306
-35.628
14.283
-30.119
-59.998
14.813
3.712
61.476
64.706
41.604
11.706
12.547
34.682
46.742
1.872
5.819
106.979
17.441
44.170
20.051
4.508
16.114
1.901
-37.555
12.050
-14.942
25.194
14.164
31.805
-13.782
56.540
56.737
74.142
18.631
-13.786
-17.248
-106.052
-62.771
44.672
-16.057
24.753
125.133
61.117
8.312
35.342
75.498
84.992
117.101
105.042
23.495
71.872
69.079
78.905
9.874
-127.150
2.184
10.490
-57.280
3.271
-25.715
-16.413
-8.218
-11.985
17.139
-14.858
15.820
-1.959
-61.856
7.599
-28.461
-7.881
-41.300
-3.806
4.847
7.958
20.072
12.748
-32.341
0.392
-3.669
-117.200
-19.433
21.924
-49.706
-46.092
-30.983
12.423
-52.879
-108.594
-59.881
-29.324
21.042
-32.467
-41.214
-15.352
-8.434
-3.488
-77.856
-114.738
-12.723
-115.946
-33.037
15.954
-11.196
17.861
6.506
3.732
-3.410
3.162
23.238
7.669
-4.615
4.759
63.935
74.008
55.970
-13.294
5.371
22.082
-6.442
-9.056
3.972
-28.775
8.475
9.495
-12.631
-2.923
-4.648
25.727
-20.082
48.812
-24.142
24.678
-38.592
5.791
44.202
-1.357
8.489
78.487
25.699
43.155
4.434
25.541
70.737
-12.095
48.064
81.661
30.226
39.340
26.344
-40.071
6.662
0.132
56.782
2.676
-25.265
78.858
26.201
85.577
6.259
-30.058
33.991
0.699
22.548
27.226
38.322
14.118
-35.940
-15.992
-0.461
-36.261
10.102
0.039
68.055
33.644
-2.461
15.739
15.315
-48.390
4.761
14.889
15.802
26.880
1.921
40.380
11.405
25.560
-6.986
38.624
-21.428
44.374
38.114
104.442
-14.482
8.179
19.361
-19.722
19.407
0.681
15.959
12.379
-24.831
-4.314
-40.403
-6.375
6.938
-58.985
-47.966
-60.965
9.726
6.250
11.786
18.967
25.276
1.327
-17.681
-13.883
-45.504
-17.706
-22.569
7.893
-11.360
-13.062
-14.520
-14.734
-5.551
23.303
38.550
17.010
-16.148
-13.742
-7.765
-9.975
78.796
34.407
-12.647
29.396
5.112
55.846
-29.940
12.680
26.927
12.355
-32.372
35.374
53.791
-6.275
16.453
-2.878
12.607
77.729
-55.783
-42.761
-38.951
-60.878
-44.492
47.353
33.835
31.245
-4.854
14.025
-17.285
-26.774
-59.079
-74.099
-70.238
-45.312
-7.585
-27.406
-37.689
-49.732
-27.593
-70.104
2.693
-25.831
-62.141
-10.666
18.313
21.687
-4.405
7.994
63.474
50.577
-6.848
5.736
-12.402
-26.918
26.185
1.474
-55.509
-16.488
-6.269
-23.901
24.546
14.113
18.345
44.597
-10.930
-6.074
2.379
102.200
101.091
103.050
-22.280
101.123
-12.720
-8.451
-0.719
12.874
104.697
82.888
-18.156
2.517
-41.968
-45.398
-31.890
-73.754
-40.512
-24.134
29.936
0.085
-6.201
-8.501
-50.725
17.736
-40.629
-16.336
-49.171
4.546
-20.198
-29.940
-11.218
48.524
44.278
1.671
17.058
32.983
0.643
-17.828
27.207
3.797
0.799
-2.486
0.362
17.923
-9.739
-27.828
22.002
2.951
78.628
6.594
3.039
-114.905
-36.352
2.836
-1.330
-15.094
-14.539
18.802
-5.309
-1.173
-21.410
-3.459
24.910
15.668
32.250
8.784
18.022
8.392
33.342
19.362
0.380
38.059
44.932
8.757
2.569
27.072
-48.423
-8.245
-18.820
-28.423
-57.698
-45.128
32.718
5.191
-21.382
36.468
62.573
50.090
-2.732
6.140
-2.352
0.415
13.885
12.287
-5.904
6.517
-40.706
-3.401
5.477
58.593
30.740
-37.849
21.699
25.054
-28.559
-8.454
-54.262
-67.039
Case #2:
-7.341
29.904
7.278
-43.615
-8.378
-8.973
35.634
-72.293
15.518
0.134
10.731
-14.844
-15.892
12.632
0.835
14.504
-23.204
4.424
-2.684
-51.426
-37.299
-29.378
-29.610
4.570
-1.043
-13.589
-5.944
2.460
35.834
38.697
16.011
-35.389
-41.628
10.624
-49.763
-11.486
12.582
66.526
71.834
47.784
43.279
25.363
20.013
27.706
17.737
-12.666
10.112
-27.383
-37.422
1.640
-30.910
-26.180
-12.978
-53.373
-11.038
70.071
9.283
-15.225
-21.045
13.173
-60.120
42.399
31.079
-1.728
-0.187
-13.666
-7.516
3.473
30.263
-24.853
-39.754
-52.568
24.595
-2.068
-1.283
-3.010
17.106
-3.393
-7.150
-3.717
-19.027
-30.813
-4.108
65.877
70.986
19.967
-11.750
69.689
10.996
11.928
39.655
72.325
130.847
-1.543
50.868
-79.582
-20.532
-53.934
4.542
129.725
139.384
7.899
0.748
87.295
-36.594
13.313
-40.368
-0.005
-0.879
-65.915
-72.747
-84.906
-56.401
13.774
-24.638
56.357
5.934
21.745
27.085
13.010
-2.229
-66.492
0.333
14.810
-2.345
5.234
-31.040
38.010
90.012
35.111
3.980
-75.836
14.086
0.363
-82.588
-65.079
19.509
-57.645
25.105
68.899
27.928
-48.136
-68.358
9.723
-73.913
54.644
-45.849
47.091
-5.127
-2.343
30.737
-28.789
-26.134
-46.071
8.547
-5.593
-23.769
-32.014
4.824
23.359
21.151
-26.626
-1.588
-6.761
-63.461
2.272
9.065
-34.249
-13.950
-36.656
-52.151
-14.497
1.469
7.968
-56.042
-14.145
-48.223
-44.162
13.501
-34.770
-13.321
16.965
-39.814
-58.681
-9.753
96.082
19.590
66.754
31.755
-23.175
81.871
-9.021
20.886
-30.695
-28.236
5.435
-32.928
-3.399
-4.534
-62.833
19.880
21.600
87.136
33.786
30.384
66.607
33.791
105.235
-29.494
11.157
37.652
-74.414
-44.337
-3.426
-13.338
-86.526
-80.619
-7.300
-28.774
-85.894
-93.769
-117.727
-29.052
25.348
-16.988
12.807
-15.891
6.691
-0.385
-21.008
43.279
62.624
-24.839
17.777
4.864
52.851
2.885
49.443
8.963
16.600
-56.122
20.451
-26.877
-27.317
-41.642
-41.988
-21.255
-30.915
-54.865
-50.098
-40.690
-11.398
-103.840
-77.170
-21.505
-26.936
-1.021
15.801
-3.169
15.226
9.763
-12.793
4.915
5.243
-3.934
18.833
16.395
-18.634
54.132
-40.308
46.085
-36.957
59.389
-7.305
-72.214
36.169
-80.296
-86.570
-43.846
-124.482
62.127
18.891
-35.041
6.623
34.407
-2.594
-76.840
-14.462
0.229
33.213
6.520
-2.859
38.938
27.902
-16.424
34.357
26.575
79.280
30.942
74.079
-19.481
44.064
70.680
94.884
33.650
4.482
-14.961
-35.256
82.185
18.818
-26.273
-18.720
55.904
99.207
17.784
93.159
58.978
40.495
-2.925
-11.423
-26.143
16.148
-5.443
70.840
51.537
73.494
-74.316
-51.581
-23.286
18.090
-10.389
17.638
-40.383
-23.174
-1.389
-87.027
-10.659
-5.934
34.392
-12.544
-6.713
-48.822
-69.565
-47.415
9.951
-56.354
2.538
-26.299
-49.286
-10.638
-94.454
5.284
-6.248
-3.739
7.773
-74.133
-15.834
29.961
-77.355
0.028
20.052
-74.589
-51.016
-68.660
10.151
14.007
4.035
-41.365
-7.739
-48.296
25.603
-53.975
-78.884
-95.168
-128.766
-19.300
8.533
-55.478
-9.529
12.460
8.920
69.593
0.535
-72.929
-0.050
60.519
46.060
31.993
53.142
77.303
2.114
25.877
12.583
-60.627
-3.065
-143.226
-43.717
-43.391
-148.294
-34.449
-9.335
-53.372
-3.643
-171.904
-166.187
64.382
0.447
-12.886
-51.723
-38.377
62.830
6.426
17.822
-50.967
66.642
-22.570
4.005
-31.660
-88.913
-22.576
6.131
31.674
-91.703
-43.296
16.383
45.809
19.839
-28.886
-53.415
-22.267
-3.405
4.221
-13.379
-29.708
-2.128
-64.769
-14.038
-9.792
-21.735
-72.530
-81.263
6.996
19.494
3.409
-13.738
-51.346
57.388
131.983
-20.416
37.281
16.107
17.658
47.223
2.899
5.202
38.375
-43.355
-21.475
50.306
-43.967
-24.421
27.696
-2.588
-45.281
3.480
8.094
-45.625
-29.659
12.755
63.242
-9.362
-28.863
-28.805
-46.526
87.052
-16.868
-28.644
58.980
25.299
-11.467
-1.111
-18.709
-40.709
1.867
-12.952
34.797
-9.668
75.184
66.550
-29.550
13.569
69.496
2.568
Case #3:
-33.239
-147.899
-14.063
-102.242
-117.323
-35.837
-20.831
5.233
-2.239
-5.556
6.452
-7.030
48.844
53.887
-1.172
26.301
36.635
48.513
-4.227
76.034
11.154
-9.438
45.645
35.915
-8.725
11.921
21.741
-12.877
26.531
-55.788
30.147
-4.086
-13.084
-14.150
-19.447
-31.470
-31.841
21.024
-22.111
-17.290
32.502
19.332
12.973
-35.453
30.214
-110.047
-34.691
55.057
-16.250
5.724
-42.103
12.909
10.403
47.676
25.741
-54.239
-0.167
-8.990
-19.532
-15.502
-24.823
-29.581
12.813
-35.931
42.586
52.023
52.381
23.716
59.966
42.420
12.019
11.217
43.969
21.733
49.998
14.184
27.456
22.076
5.318
-13.659
29.430
6.094
47.890
1.557
-8.021
-1.258
2.188
38.407
70.328
41.903
27.279
-21.451
42.432
0.891
35.426
-1.714
45.794
27.661
26.462
10.271
25.133
77.775
47.028
7.534
64.822
-5.336
-9.898
-0.406
-34.923
40.608
15.618
53.135
-5.769
-36.431
-43.462
-18.003
-8.964
0.666
6.350
10.712
51.589
11.949
3.827
9.738
14.037
29.957
-4.468
-7.957
8.952
27.351
-23.404
-5.023
64.416
-14.271
9.461
11.090
9.568
-11.272
-6.245
7.010
36.616
4.428
8.686
-7.539
8.754
6.379
45.738
13.640
22.109
-5.561
29.831
8.314
-35.603
8.443
-58.139
-49.046
-18.169
-53.037
-15.767
-90.967
-16.016
-83.925
19.778
2.341
45.236
23.942
74.779
43.308
42.138
142.585
17.130
-48.308
32.152
-16.155
6.751
19.844
17.046
-27.680
-15.602
-18.306
-5.558
-16.458
-31.521
-61.443
27.177
-26.734
4.731
-0.190
-70.980
-30.878
-18.789
-26.234
15.422
-15.502
21.555
-36.999
-50.560
-18.355
-17.216
-19.546
-78.445
-111.503
-20.861
5.149
11.680
-1.615
74.502
9.967
-24.402
-59.939
-9.634
-38.098
-24.187
1.232
21.151
-20.163
-11.852
36.048
-19.327
17.614
53.290
-32.739
-19.192
29.487
-22.567
-22.802
9.818
-11.967
-27.161
25.570
37.193
-16.991
-9.001
1.762
-103.500
-36.780
17.224
0.932
-57.411
-64.858
-85.499
-53.405
16.234
-36.953
-1.037
-1.861
-41.653
-43.091
-81.351
-33.266
-54.065
-57.182
-46.745
-72.034
-38.712
-12.714
0.271
14.606
-32.675
-56.910
-43.401
-4.608
-0.174
30.993
-14.065
-16.159
23.025
31.101
-26.177
-39.825
17.723
14.320
-5.086
10.122
4.796
-10.309
5.360
-7.142
2.187
-18.766
-14.894
-22.065
12.028
-8.516
18.573
-6.550
-33.519
-15.962
-1.418
0.830
0.885
5.112
24.498
-23.639
-6.906
-26.198
16.423
16.198
4.449
32.409
19.054
22.483
14.400
15.500
-27.349
-3.656
-25.527
24.469
16.254
-18.714
-55.722
-20.333
-55.735
19.131
-1.843
8.201
-14.928
21.125
70.711
-22.044
-5.294
-5.990
-28.985
-6.636
0.297
31.574
-38.447
39.296
-11.359
-11.640
-2.277
20.712
-1.597
15.122
9.888
-32.852
9.966
8.711
6.256
-1.755
58.129
50.116
79.451
25.926
107.274
33.925
33.308
12.034
10.338
21.244
-32.209
112.943
6.000
-15.031
-50.486
-18.441
-43.511
-112.702
-9.458
-32.514
9.149
9.709
66.229
-58.014
-109.683
-31.974
-14.673
-85.783
-75.752
6.089
-120.468
-22.719
7.694
-6.180
-8.635
4.765
27.606
-15.611
-21.013
-12.776
-17.626
-50.709
24.556
-7.839
-22.146
-50.768
-17.306
-12.988
8.942
64.589
22.566
28.916
47.215
19.693
43.502
53.913
62.300
10.105
83.277
-4.231
48.903
19.556
-8.146
0.268
-55.770
-11.434
-175.899
-23.672
90.154
36.217
13.227
45.062
-73.992
-9.210
-79.099
-4.120
-62.675
4.544
-58.961
5.007
-130.525
-54.514
-68.857
-8.114
6.684
-5.838
-36.788
-49.485
3.685
-29.802
29.886
22.128
3.037
10.990
-22.116
-6.749
-33.041
-56.240
2.448
-14.823
-50.976
-33.724
36.659
-1.404
-17.522
-61.429
-38.938
-116.862
-16.921
-6.790
-155.912
-91.411
-48.796
18.996
-15.826
-5.196
-34.881
49.673
-85.052
-20.316
25.876
22.794
12.907
11.576
-6.748
-29.334
-42.075
1.294
-78.051
59.922
-98.467
101.103
66.323
51.370
57.332
84.306
140.114
82.603
48.277
23.502
15.197
33.931
85.593
35.440
34.526
37.448
1.038
-18.635
19.653
-16.190
-3.238
41.983
81.006
53.803
55.560
19.059
13.956
3.532
15.727
-31.447
16.139
12.377
-8.083
-10.619
29.531
14.026
12.557
10.865
21.871
66.676
-0.422
-14.338
Case #4:
-31.452
-98.015
-124.394
-24.494
-121.783
-75.211
-126.700
-7.033
-37.681
-28.774
14.270
-4.073
-7.363
85.700
-92.518
-46.096
24.060
55.309
-69.458
-1.329
4.020
8.248
-33.779
-23.348
16.771
-0.307
-8.184
11.198
-47.514
-36.566
10.117
7.617
8.900
41.511
-37.580
-10.390
-19.317
-73.306
46.465
-5.637
-11.611
-42.108
-47.076
-81.678
-16.658
-73.262
-87.888
-34.521
-13.909
-22.416
-39.447
72.765
-14.891
48.712
-9.977
-16.052
-59.507
-33.575
80.396
27.509
80.660
25.536
0.733
2.839
18.151
46.129
9.734
-30.358
-54.454
-62.824
-41.993
-21.538
-7.314
2.650
31.768
14.808
92.545
29.863
-1.841
-11.552
-65.369
-26.731
5.574
-25.187
17.049
-4.374
-3.901
38.517
8.825
-24.994
-74.790
35.306
-60.525
-2.851
-104.015
-1.100
5.173
-11.951
-18.358
25.587
-19.546
31.259
-23.911
16.764
39.021
16.279
60.432
89.564
64.282
-21.608
69.338
41.763
-27.367
-42.640
-20.013
-25.361
-44.039
37.592
-4.111
-9.029
13.257
-40.504
-34.713
16.203
5.647
-16.908
-6.727
-5.909
-13.129
-2.440
-19.472
-21.502
-46.740
-16.321
-32.728
-22.588
-1.048
-48.942
-33.795
20.322
-2.280
2.752
-19.792
22.590
-37.530
-48.324
4.114
-48.685
60.037
48.778
-59.426
28.834
15.787
106.862
-26.165
22.001
21.818
125.793
41.566
87.179
82.598
2.611
156.222
121.930
-13.592
25.182
50.201
-13.191
-106.527
-56.207
-60.721
-8.646
24.814
-39.509
7.121
-24.203
34.232
-79.529
-63.465
14.799
-64.692
-66.578
-81.257
-79.143
3.224
-23.596
2.127
5.317
2.104
-6.504
-49.456
-81.989
-121.234
89.026
14.629
61.701
18.147
3.691
20.337
-27.852
-89.785
-46.037
0.193
104.070
110.336
55.532
-41.565
-6.602
39.631
5.471
17.927
9.914
-5.320
20.982
58.449
75.749
-11.780
6.894
72.150
8.314
3.097
-29.486
-97.493
-3.477
-34.126
-9.453
9.273
-5.996
19.112
-8.546
7.883
34.502
61.403
-4.926
29.521
-18.403
10.612
37.243
56.156
47.000
-4.854
16.821
8.372
-64.220
-61.633
-57.676
-52.118
4.152
-12.763
4.189
-7.682
-3.096
73.673
6.613
-17.450
0.929
-69.792
-3.621
3.703
4.160
7.787
-24.997
-22.015
-13.131
-7.771
18.147
20.524
14.385
11.654
-16.042
14.126
4.932
1.508
111.327
102.900
-14.728
92.393
1.626
16.842
-0.077
6.171
-21.118
-48.262
-28.541
-38.662
-6.130
24.409
18.096
32.041
12.503
82.606
17.651
-76.109
-9.796
-48.181
-19.131
20.860
30.308
-30.555
45.047
-42.781
-4.647
7.425
0.702
-3.666
2.453
-13.709
-9.996
-15.694
11.753
-46.077
-20.146
43.042
-9.559
-27.698
-12.912
-73.488
-61.889
30.620
8.424
-15.734
-19.883
3.368
-23.377
-32.523
-8.056
-14.233
-12.181
63.467
-2.029
-34.083
-48.031
-37.577
43.961
-12.373
2.265
-8.685
4.099
37.131
16.464
-38.742
-53.586
41.605
-31.586
29.974
30.074
-24.031
2.835
-32.749
-11.537
-49.856
-19.727
-34.929
-13.230
-32.599
-2.029
-13.551
-17.691
6.617
11.317
2.188
-52.534
1.889
-83.717
-70.452
-26.361
-4.906
-53.699
-32.419
32.611
-42.308
-25.359
-7.162
-33.085
7.566
-17.941
-22.914
-0.485
37.708
-22.443
11.593
9.919
10.662
-5.906
-15.906
-14.280
-15.458
-31.266
-15.332
-1.579
25.662
-13.632
15.863
48.408
-30.274
76.839
-75.835
-26.975
-13.064
13.872
-11.245
10.367
24.248
-26.623
88.696
13.851
44.933
-9.748
0.098
-8.160
2.578
-18.232
3.709
20.108
14.333
16.158
6.443
3.104
36.427
5.754
0.345
22.774
1.280
1.548
44.027
77.989
8.169
5.011
-12.373
-16.253
26.381
-4.395
3.392
-3.114
-56.152
0.785
-5.442
-15.690
-3.361
5.494
5.591
20.192
44.015
29.083
42.070
17.108
-54.587
-6.636
-9.446
-31.445
-23.637
-29.247
-17.195
-31.739
8.749
-79.051
26.933
62.432
-75.041
-14.218
-61.048
-114.232
83.059
66.231
12.868
34.316
-44.139
-43.133
-30.521
5.723
-39.056
57.218
40.356
-90.818
-24.889
-98.090
-17.356
-21.093
-8.060
-52.322
1.851
45.661
2.659
-32.199
0.967
3.067
-62.709
