Case #1:
-8.457
-9.211
-11.933
-2.179
4.918
4.274
-0.058
6.953
11.930
0.879
5.088
11.560
-9.165
-0.681
-4.261
-6.652
2.894
-1.736
1.367
-2.750
2.701
7.948
-2.033
-1.367
2.006
-1.170
-1.219
1.467
0.177
0.431
2.030
2.480
2.218
-1.497
2.533
-2.954
-4.927
-1.185
-6.514
-8.281
0.634
-2.282
1.060
1.288
-2.737
-3.244
1.146
6.940
Case #2:
-1.743
-2.807
-0.004
-5.963
1.489
-2.681
2.189
-6.303
-1.696
-1.433
-4.267
2.101
8.368
-2.728
-0.272
6.315
-9.780
-0.263
-5.592
-10.474
-3.568
-2.305
-0.536
-7.566
-14.162
0.665
3.467
2.321
5.293
3.368
0.407
3.408
-1.099
-2.192
2.997
0.205
5.681
-2.716
6.212
0.169
-0.118
-4.057
1.469
1.889
-0.357
0.095
0.123
-9.930
-4.466
0.570
-0.369
-9.575
-8.060
-5.120
-4.801
-6.861
-4.891
Case #3:
2.618
3.270
4.306
5.082
-1.795
0.923
4.289
-3.931
-1.697
0.893
-1.005
6.893
-0.810
-1.831
-1.080
-0.211
-5.000
-0.176
1.864
9.158
1.697
10.782
9.199
3.788
9.111
15.303
2.231
-4.133
1.980
-1.935
6.511
4.792
5.293
-5.422
0.471
-2.784
-2.331
-2.227
1.164
-5.828
0.588
-7.623
1.774
-3.097
-0.320
-1.092
-2.740
-1.849
-2.197
Case #4:
0.571
-2.073
-6.231
2.609
-2.290
0.221
-0.334
0.494
-2.375
7.023
-4.040
2.877
-3.876
2.397
-8.183
0.475
0.024
1.985
-1.489
-6.396
-5.709
0.972
-9.363
0.091
-6.152
-1.882
-0.158
3.770
-0.030
1.993
3.554
-0.858
0.175
1.323
1.100
-1.152
2.647
1.952
3.137
5.577
1.263
-3.645
1.435
-0.877
0.589
1.995
-4.168
1.756
Case #5:
-5.764
-9.110
-5.106
-2.257
-3.828
-0.312
-2.601
-2.240
-0.094
8.256
2.300
-0.857
2.813
-2.435
1.938
-2.832
-3.585
1.335
-0.386
-3.069
-4.316
-2.098
-6.756
-2.167
-1.669
0.143
-7.405
-11.443
0.346
-7.693
-3.240
-4.713
-11.856
-3.410
-2.212
0.854
-0.193
3.503
-3.966
1.223
-2.567
5.029
-0.692
2.467
0.091
4.739
-4.840
-1.308
2.280
