Case #1:
-0.366
1.986
-1.443
-2.591
1.057
-0.228
0.829
-0.338
0.859
0.180
0.133
0.304
1.950
4.788
5.265
-0.921
2.823
-2.333
-1.146
4.468
-2.538
-0.167
1.290
2.626
1.695
8.780
4.003
4.777
0.514
-0.492
-1.006
1.750
2.495
4.964
0.636
0.596
5.575
-0.273
-1.597
-1.954
-1.924
-2.155
2.453
-2.906
1.723
1.417
-0.513
0.223
3.233
1.183
Case #2:
1.431
-1.226
-2.736
2.206
2.029
-2.032
-1.270
-2.017
9.728
4.076
2.627
0.662
3.687
0.152
3.694
-6.586
0.472
0.050
-1.302
-4.818
-3.811
0.138
-5.551
-3.805
2.371
1.844
0.507
4.780
-5.196
-6.595
7.720
-5.601
-4.629
-1.489
1.519
1.094
-2.633
-0.227
1.852
-5.274
0.888
-1.819
-1.892
4.544
1.146
Case #3:
11.395
9.198
-6.597
-2.315
-1.878
-5.038
0.017
2.677
-2.856
-5.102
-3.826
0.153
-0.933
-3.200
-2.320
0.840
-1.052
-0.898
-6.981
-0.854
-8.985
-8.633
-0.673
-3.906
-0.740
0.221
-1.081
1.816
-1.579
0.582
-6.022
-12.045
-0.956
-2.832
-2.493
1.160
1.085
-1.219
1.162
-2.837
0.936
0.916
3.896
-1.567
-6.073
-1.729
2.106
2.174
-2.019
-5.560
-10.144
-3.017
0.555
-2.856
-0.471
Case #4:
2.218
-0.624
1.462
-1.759
1.091
2.612
3.706
0.318
-0.347
-5.696
-3.398
-1.594
-0.904
1.324
1.267
0.738
-1.938
-0.734
-0.985
2.975
4.423
-4.078
-1.788
-1.272
4.367
1.522
-1.373
1.484
-1.133
-0.598
-4.507
-3.530
-5.330
2.664
-5.299
-2.369
-3.495
-1.103
-7.242
-7.307
-3.942
-1.383
1.810
-2.752
5.260
-6.496
-4.367
2.306
0.859
-4.715
-3.551
-2.561
Case #5:
-4.481
-0.323
-5.035
-0.398
-3.578
-1.037
-0.771
-0.946
-2.279
-1.892
3.562
2.796
-3.182
1.296
-1.926
-0.767
-4.264
-4.311
-4.157
-2.407
-5.388
0.925
-2.482
1.655
-2.260
-5.389
3.515
-0.197
2.208
9.164
-6.270
7.444
2.352
2.429
3.564
1.932
4.471
5.046
-0.346
1.648
4.432
5.874
4.142
4.142
-1.505
8.343
2.819
6.576
7.358
