YES
200
1 11
1 50
1 89
1 92
2 90
3 26
3 86
3 35
3 51
3 54
4 70
4 12
5 31
6 46
7 31
7 2
8 22
8 38
8 92
10 58
10 17
10 59
11 18
11 60
13 9
14 57
14 56
14 15
14 69
15 25
15 2
15 4
16 89
17 72
17 36
18 58
19 78
19 54
19 39
19 83
19 96
20 57
22 59
22 90
22 100
22 89
22 46
22 17
23 52
23 47
23 34
24 88
24 42
25 9
25 38
25 73
26 56
27 24
28 68
28 37
29 47
29 94
30 62
30 42
30 24
30 79
32 53
32 9
33 46
34 71
34 16
35 75
35 50
35 1
36 51
36 52
36 95
38 39
38 60
39 80
39 93
40 24
40 59
41 43
42 13
42 25
42 12
42 68
45 60
45 17
45 10
45 40
46 50
46 61
46 10
47 83
47 6
48 45
48 27
49 1
49 84
49 100
49 84
50 38
54 25
54 100
54 84
54 69
55 11
56 35
56 24
56 75
56 68
57 12
57 41
58 77
58 88
59 92
59 92
59 19
62 89
62 37
62 92
63 87
63 56
63 58
63 65
64 69
65 49
67 50
67 31
67 77
68 100
69 19
69 93
69 85
70 55
70 43
70 13
70 25
71 30
71 51
72 39
73 60
73 56
73 23
74 71
74 67
74 87
74 65
75 23
75 21
76 13
76 34
77 30
78 15
78 74
78 7
79 59
80 97
81 97
82 45
82 99
82 35
82 28
83 86
85 55
86 54
87 14
87 64
87 6
87 91
88 98
88 6
88 30
89 83
89 27
89 7
90 99
90 3
91 58
91 30
91 43
92 37
92 5
93 40
93 90
93 83
94 96
94 44
94 49
96 86
96 42
96 43
97 23
97 22
98 17
98 13
99 82
99 4
